e:\projects\traffıcmanagıngsystem\vehıcledetectıonandcountıng\vehıcledetectıonandcountıng\x64\debug\vc120.pdb
e:\projects\traffıcmanagıngsystem\vehıcledetectıonandcountıng\vehıcledetectıonandcountıng\x64\debug\vc120.ıdb
e:\projects\traffıcmanagıngsystem\vehıcledetectıonandcountıng\vehıcledetectıonandcountıng\x64\debug\maın.obj
e:\projects\traffıcmanagıngsystem\vehıcledetectıonandcountıng\vehıcledetectıonandcountıng\x64\debug\gmmodel.obj
e:\projects\traffıcmanagıngsystem\vehıcledetectıonandcountıng\x64\debug\vehıcledetectıonandcountıng.ılk
e:\projects\traffıcmanagıngsystem\vehıcledetectıonandcountıng\x64\debug\vehıcledetectıonandcountıng.exe
e:\projects\traffıcmanagıngsystem\vehıcledetectıonandcountıng\x64\debug\vehıcledetectıonandcountıng.pdb
e:\projects\trafficmanagingsystem\vehicledetectionandcounting\vehicledetectionandcounting\x64\debug\gmmodel.obj
e:\projects\trafficmanagingsystem\vehicledetectionandcounting\vehicledetectionandcounting\x64\debug\main.obj
e:\projects\trafficmanagingsystem\vehicledetectionandcounting\vehicledetectionandcounting\x64\debug\vc120.idb
e:\projects\trafficmanagingsystem\vehicledetectionandcounting\vehicledetectionandcounting\x64\debug\vc120.pdb
e:\projects\trafficmanagingsystem\vehicledetectionandcounting\x64\debug\vehicledetectionandcounting.pdb
e:\projects\trafficmanagingsystem\vehicledetectionandcounting\x64\debug\vehicledetectionandcounting.exe
e:\projects\trafficmanagingsystem\vehicledetectionandcounting\x64\debug\vehicledetectionandcounting.ilk
e:\projects\trafficmanagingsystem\vehicledetectionandcounting\vehicledetectionandcounting\x64\debug\vehicled.2bfe5c2b.tlog\cl.command.1.tlog
e:\projects\trafficmanagingsystem\vehicledetectionandcounting\vehicledetectionandcounting\x64\debug\vehicled.2bfe5c2b.tlog\cl.read.1.tlog
e:\projects\trafficmanagingsystem\vehicledetectionandcounting\vehicledetectionandcounting\x64\debug\vehicled.2bfe5c2b.tlog\cl.write.1.tlog
e:\projects\trafficmanagingsystem\vehicledetectionandcounting\vehicledetectionandcounting\x64\debug\vehicled.2bfe5c2b.tlog\link.command.1.tlog
e:\projects\trafficmanagingsystem\vehicledetectionandcounting\vehicledetectionandcounting\x64\debug\vehicled.2bfe5c2b.tlog\link.read.1.tlog
e:\projects\trafficmanagingsystem\vehicledetectionandcounting\vehicledetectionandcounting\x64\debug\vehicled.2bfe5c2b.tlog\link.write.1.tlog
